Created by PLY version 3.11 (http://www.dabeaz.com/ply)

Unused terminals:

    ENDLINEWHITECHARS
    SPACES
    STARTLINEWHITECHARS

Grammar

Rule 0     S' -> content
Rule 1     content -> WORD

Terminals, with rules where they appear

ENDLINEWHITECHARS    : 
SPACES               : 
STARTLINEWHITECHARS  : 
WORD                 : 1
error                : 

Nonterminals, with rules where they appear

content              : 0

Parsing method: LALR

state 0

    (0) S' -> . content
    (1) content -> . WORD

    WORD            shift and go to state 2

    content                        shift and go to state 1

state 1

    (0) S' -> content .



state 2

    (1) content -> WORD .

    $end            reduce using rule 1 (content -> WORD .)

